<?xml version="1.0" encoding="UTF-8"?>
<!-- Generated by org.testng.reporters.JUnitReportReporter -->
<testsuite hostname="DESKTOP-IG0MA12" failures="0" tests="4" name="Test.Gorest.UserApiTest" time="3.180" errors="0" timestamp="2024-09-06T20:21:32 IST" skipped="0">
  <testcase classname="Test.Gorest.UserApiTest" name="tc04" time="0.476"/>
  <system-out/>
  <testcase classname="Test.Gorest.UserApiTest" name="tc02" time="0.319"/>
  <system-out/>
  <testcase classname="Test.Gorest.UserApiTest" name="tc01" time="1.663"/>
  <system-out/>
  <testcase classname="Test.Gorest.UserApiTest" name="tc03" time="0.722"/>
  <system-out/>
</testsuite> <!-- Test.Gorest.UserApiTest -->
